  Utils.cpp
d:\atsinghua\value_analysis\code\face_generator\face_generator\utils.cpp(63): warning C4244: “初始化”: 从“double”转换到“int”，可能丢失数据
d:\atsinghua\value_analysis\code\face_generator\face_generator\utils.cpp(65): warning C4244: “初始化”: 从“double”转换到“int”，可能丢失数据
d:\atsinghua\value_analysis\code\face_generator\face_generator\utils.cpp(68): warning C4244: “初始化”: 从“double”转换到“int”，可能丢失数据
d:\atsinghua\value_analysis\code\face_generator\face_generator\utils.cpp(70): warning C4244: “初始化”: 从“double”转换到“int”，可能丢失数据
d:\atsinghua\value_analysis\code\face_generator\face_generator\utils.cpp(92): warning C4244: “初始化”: 从“double”转换到“int”，可能丢失数据
d:\atsinghua\value_analysis\code\face_generator\face_generator\utils.cpp(93): warning C4244: “初始化”: 从“double”转换到“int”，可能丢失数据
  Matrix.cpp
d:\atsinghua\value_analysis\code\face_generator\face_generator\matrix.cpp(10): warning C4267: “初始化”: 从“size_t”转换到“int”，可能丢失数据
d:\atsinghua\value_analysis\code\face_generator\face_generator\matrix.cpp(35): warning C4267: “初始化”: 从“size_t”转换到“int”，可能丢失数据
d:\atsinghua\value_analysis\code\face_generator\face_generator\matrix.cpp(58): warning C4267: “初始化”: 从“size_t”转换到“int”，可能丢失数据
d:\atsinghua\value_analysis\code\face_generator\face_generator\matrix.cpp(67): warning C4267: “初始化”: 从“size_t”转换到“int”，可能丢失数据
d:\atsinghua\value_analysis\code\face_generator\face_generator\matrix.cpp(68): warning C4267: “初始化”: 从“size_t”转换到“int”，可能丢失数据
d:\atsinghua\value_analysis\code\face_generator\face_generator\matrix.cpp(78): warning C4267: “初始化”: 从“size_t”转换到“int”，可能丢失数据
d:\atsinghua\value_analysis\code\face_generator\face_generator\matrix.cpp(79): warning C4267: “初始化”: 从“size_t”转换到“int”，可能丢失数据
d:\atsinghua\value_analysis\code\face_generator\face_generator\matrix.cpp(94): warning C4267: “初始化”: 从“size_t”转换到“int”，可能丢失数据
d:\atsinghua\value_analysis\code\face_generator\face_generator\matrix.cpp(152): warning C4267: “初始化”: 从“size_t”转换到“int”，可能丢失数据
d:\atsinghua\value_analysis\code\face_generator\face_generator\matrix.cpp(182): warning C4267: “初始化”: 从“size_t”转换到“int”，可能丢失数据
d:\atsinghua\value_analysis\code\face_generator\face_generator\matrix.cpp(183): warning C4267: “初始化”: 从“size_t”转换到“int”，可能丢失数据
d:\atsinghua\value_analysis\code\face_generator\face_generator\matrix.cpp(184): warning C4267: “初始化”: 从“size_t”转换到“int”，可能丢失数据
d:\atsinghua\value_analysis\code\face_generator\face_generator\matrix.cpp(215): warning C4267: “初始化”: 从“size_t”转换到“int”，可能丢失数据
  main.cpp
d:\atsinghua\value_analysis\code\face_generator\face_generator\main.cpp(177): warning C4267: “初始化”: 从“size_t”转换到“int”，可能丢失数据
d:\atsinghua\value_analysis\code\face_generator\face_generator\main.cpp(202): warning C4267: “初始化”: 从“size_t”转换到“int”，可能丢失数据
d:\atsinghua\value_analysis\code\face_generator\face_generator\main.cpp(232): warning C4244: “=”: 从“double”转换到“int”，可能丢失数据
d:\atsinghua\value_analysis\code\face_generator\face_generator\main.cpp(234): warning C4244: “=”: 从“double”转换到“int”，可能丢失数据
d:\atsinghua\value_analysis\code\face_generator\face_generator\main.cpp(263): warning C4244: “参数”: 从“double”转换到“int”，可能丢失数据
d:\atsinghua\value_analysis\code\face_generator\face_generator\main.cpp(264): warning C4244: “参数”: 从“double”转换到“int”，可能丢失数据
d:\atsinghua\value_analysis\code\face_generator\face_generator\main.cpp(265): warning C4244: “参数”: 从“double”转换到“int”，可能丢失数据
d:\atsinghua\value_analysis\code\face_generator\face_generator\main.cpp(266): warning C4244: “参数”: 从“double”转换到“int”，可能丢失数据
d:\atsinghua\value_analysis\code\face_generator\face_generator\main.cpp(341): warning C4244: “初始化”: 从“double”转换到“int”，可能丢失数据
d:\atsinghua\value_analysis\code\face_generator\face_generator\main.cpp(342): warning C4244: “初始化”: 从“double”转换到“int”，可能丢失数据
d:\atsinghua\value_analysis\code\face_generator\face_generator\main.cpp(362): warning C4244: “=”: 从“double”转换到“uchar”，可能丢失数据
d:\atsinghua\value_analysis\code\face_generator\face_generator\main.cpp(378): warning C4244: “=”: 从“double”转换到“int”，可能丢失数据
d:\atsinghua\value_analysis\code\face_generator\face_generator\main.cpp(380): warning C4244: “=”: 从“double”转换到“int”，可能丢失数据
d:\atsinghua\value_analysis\code\face_generator\face_generator\main.cpp(529): warning C4244: “参数”: 从“double”转换到“int”，可能丢失数据
d:\atsinghua\value_analysis\code\face_generator\face_generator\main.cpp(530): warning C4244: “参数”: 从“double”转换到“int”，可能丢失数据
d:\atsinghua\value_analysis\code\face_generator\face_generator\main.cpp(554): warning C4244: “初始化”: 从“double”转换到“int”，可能丢失数据
d:\atsinghua\value_analysis\code\face_generator\face_generator\main.cpp(555): warning C4244: “初始化”: 从“double”转换到“int”，可能丢失数据
d:\atsinghua\value_analysis\code\face_generator\face_generator\main.cpp(569): warning C4244: “参数”: 从“double”转换到“int”，可能丢失数据
d:\atsinghua\value_analysis\code\face_generator\face_generator\main.cpp(570): warning C4244: “参数”: 从“double”转换到“int”，可能丢失数据
d:\atsinghua\value_analysis\code\face_generator\face_generator\main.cpp(622): warning C4244: “参数”: 从“double”转换到“int”，可能丢失数据
d:\atsinghua\value_analysis\code\face_generator\face_generator\main.cpp(623): warning C4244: “参数”: 从“double”转换到“int”，可能丢失数据
d:\atsinghua\value_analysis\code\face_generator\face_generator\main.cpp(660): warning C4244: “=”: 从“double”转换到“int”，可能丢失数据
d:\atsinghua\value_analysis\code\face_generator\face_generator\main.cpp(662): warning C4244: “=”: 从“double”转换到“int”，可能丢失数据
d:\atsinghua\value_analysis\code\face_generator\face_generator\main.cpp(688): warning C4244: “参数”: 从“double”转换到“int”，可能丢失数据
d:\atsinghua\value_analysis\code\face_generator\face_generator\main.cpp(689): warning C4244: “参数”: 从“double”转换到“int”，可能丢失数据
d:\atsinghua\value_analysis\code\face_generator\face_generator\main.cpp(690): warning C4244: “参数”: 从“double”转换到“int”，可能丢失数据
d:\atsinghua\value_analysis\code\face_generator\face_generator\main.cpp(691): warning C4244: “参数”: 从“double”转换到“int”，可能丢失数据
d:\atsinghua\value_analysis\code\face_generator\face_generator\main.cpp(714): warning C4244: “初始化”: 从“double”转换到“int”，可能丢失数据
d:\atsinghua\value_analysis\code\face_generator\face_generator\main.cpp(715): warning C4244: “初始化”: 从“double”转换到“int”，可能丢失数据
d:\atsinghua\value_analysis\code\face_generator\face_generator\main.cpp(735): warning C4244: “=”: 从“double”转换到“uchar”，可能丢失数据
d:\atsinghua\value_analysis\code\face_generator\face_generator\main.cpp(751): warning C4244: “=”: 从“double”转换到“int”，可能丢失数据
d:\atsinghua\value_analysis\code\face_generator\face_generator\main.cpp(753): warning C4244: “=”: 从“double”转换到“int”，可能丢失数据
  image_inout.cpp
  正在生成代码...
  Face_generator.vcxproj -> D:\ATsinghua\value_analysis\code\Face_generator\x64\Debug\Face_generator.exe
  Face_generator.vcxproj -> D:\ATsinghua\value_analysis\code\Face_generator\x64\Debug\Face_generator.pdb (Full PDB)
