  image_inout.cpp
  main.cpp
main.cpp(179): warning C4267: “初始化”: 从“size_t”转换到“int”，可能丢失数据
main.cpp(204): warning C4267: “初始化”: 从“size_t”转换到“int”，可能丢失数据
main.cpp(234): warning C4244: “=”: 从“double”转换到“int”，可能丢失数据
main.cpp(236): warning C4244: “=”: 从“double”转换到“int”，可能丢失数据
main.cpp(260): warning C4244: “参数”: 从“double”转换到“int”，可能丢失数据
main.cpp(261): warning C4244: “参数”: 从“double”转换到“int”，可能丢失数据
main.cpp(262): warning C4244: “参数”: 从“double”转换到“int”，可能丢失数据
main.cpp(263): warning C4244: “参数”: 从“double”转换到“int”，可能丢失数据
main.cpp(283): warning C4244: “初始化”: 从“double”转换到“int”，可能丢失数据
main.cpp(284): warning C4244: “初始化”: 从“double”转换到“int”，可能丢失数据
main.cpp(304): warning C4244: “=”: 从“double”转换到“uchar”，可能丢失数据
main.cpp(318): warning C4244: “=”: 从“double”转换到“int”，可能丢失数据
main.cpp(320): warning C4244: “=”: 从“double”转换到“int”，可能丢失数据
main.cpp(445): warning C4244: “初始化”: 从“double”转换到“int”，可能丢失数据
main.cpp(447): warning C4244: “参数”: 从“double”转换到“int”，可能丢失数据
main.cpp(448): warning C4244: “参数”: 从“double”转换到“int”，可能丢失数据
main.cpp(477): warning C4244: “参数”: 从“double”转换到“int”，可能丢失数据
main.cpp(478): warning C4244: “参数”: 从“double”转换到“int”，可能丢失数据
main.cpp(523): warning C4244: “参数”: 从“double”转换到“int”，可能丢失数据
main.cpp(525): warning C4244: “参数”: 从“double”转换到“int”，可能丢失数据
main.cpp(538): warning C4244: “=”: 从“double”转换到“int”，可能丢失数据
main.cpp(540): warning C4244: “=”: 从“double”转换到“int”，可能丢失数据
main.cpp(566): warning C4244: “参数”: 从“double”转换到“int”，可能丢失数据
main.cpp(567): warning C4244: “参数”: 从“double”转换到“int”，可能丢失数据
main.cpp(568): warning C4244: “参数”: 从“double”转换到“int”，可能丢失数据
main.cpp(569): warning C4244: “参数”: 从“double”转换到“int”，可能丢失数据
main.cpp(592): warning C4244: “初始化”: 从“double”转换到“int”，可能丢失数据
main.cpp(593): warning C4244: “初始化”: 从“double”转换到“int”，可能丢失数据
main.cpp(613): warning C4244: “=”: 从“double”转换到“uchar”，可能丢失数据
main.cpp(629): warning C4244: “=”: 从“double”转换到“int”，可能丢失数据
main.cpp(631): warning C4244: “=”: 从“double”转换到“int”，可能丢失数据
main.cpp(757): warning C4244: “参数”: 从“double”转换到“int”，可能丢失数据
main.cpp(758): warning C4244: “参数”: 从“double”转换到“int”，可能丢失数据
main.cpp(781): warning C4244: “初始化”: 从“double”转换到“int”，可能丢失数据
main.cpp(782): warning C4244: “初始化”: 从“double”转换到“int”，可能丢失数据
main.cpp(796): warning C4244: “参数”: 从“double”转换到“int”，可能丢失数据
main.cpp(797): warning C4244: “参数”: 从“double”转换到“int”，可能丢失数据
main.cpp(858): warning C4244: “参数”: 从“double”转换到“int”，可能丢失数据
main.cpp(859): warning C4244: “参数”: 从“double”转换到“int”，可能丢失数据
main.cpp(881): warning C4244: “参数”: 从“double”转换到“int”，可能丢失数据
  Matrix.cpp
Matrix.cpp(10): warning C4267: “初始化”: 从“size_t”转换到“int”，可能丢失数据
Matrix.cpp(35): warning C4267: “初始化”: 从“size_t”转换到“int”，可能丢失数据
Matrix.cpp(58): warning C4267: “初始化”: 从“size_t”转换到“int”，可能丢失数据
Matrix.cpp(67): warning C4267: “初始化”: 从“size_t”转换到“int”，可能丢失数据
Matrix.cpp(68): warning C4267: “初始化”: 从“size_t”转换到“int”，可能丢失数据
Matrix.cpp(78): warning C4267: “初始化”: 从“size_t”转换到“int”，可能丢失数据
Matrix.cpp(79): warning C4267: “初始化”: 从“size_t”转换到“int”，可能丢失数据
Matrix.cpp(94): warning C4267: “初始化”: 从“size_t”转换到“int”，可能丢失数据
Matrix.cpp(152): warning C4267: “初始化”: 从“size_t”转换到“int”，可能丢失数据
Matrix.cpp(182): warning C4267: “初始化”: 从“size_t”转换到“int”，可能丢失数据
Matrix.cpp(183): warning C4267: “初始化”: 从“size_t”转换到“int”，可能丢失数据
Matrix.cpp(184): warning C4267: “初始化”: 从“size_t”转换到“int”，可能丢失数据
Matrix.cpp(215): warning C4267: “初始化”: 从“size_t”转换到“int”，可能丢失数据
  Utils.cpp
Utils.cpp(63): warning C4244: “初始化”: 从“double”转换到“int”，可能丢失数据
Utils.cpp(65): warning C4244: “初始化”: 从“double”转换到“int”，可能丢失数据
Utils.cpp(68): warning C4244: “初始化”: 从“double”转换到“int”，可能丢失数据
Utils.cpp(70): warning C4244: “初始化”: 从“double”转换到“int”，可能丢失数据
Utils.cpp(92): warning C4244: “初始化”: 从“double”转换到“int”，可能丢失数据
Utils.cpp(93): warning C4244: “初始化”: 从“double”转换到“int”，可能丢失数据
  正在生成代码
  All 715 functions were compiled because no usable IPDB/IOBJ from previous compilation was found.
  已完成代码的生成
  Face_generator.vcxproj -> D:\ATsinghua\value_analysis\code\Face_generator\x64\Release\Face_generator.exe
  Face_generator.vcxproj -> D:\ATsinghua\value_analysis\code\Face_generator\x64\Release\Face_generator.pdb (Full PDB)
